+ '[' -z '' ']'
+ case "$-" in
+ __lmod_vx=x
+ '[' -n x ']'
+ set +x
Shell debugging temporarily silenced: export LMOD_SH_DBG_ON=1 for this output (/p/software/jurecadc/lmod/8.7.12/init/bash)
Shell debugging restarted
+ unset __lmod_vx
+ source /p/scratch/cjibg31/jibg3105/projects/venvs/2024_03/activate.sh
++ SOURCE_PATH=/p/scratch/cjibg31/jibg3105/projects/venvs/2024_03/activate.sh
+++ dirname /p/scratch/cjibg31/jibg3105/projects/venvs/2024_03/activate.sh
++ RELATIVE_PATH=/p/scratch/cjibg31/jibg3105/projects/venvs/2024_03
+++ realpath /p/scratch/cjibg31/jibg3105/projects/venvs/2024_03
++ ABSOLUTE_PATH=/p/scratch/cjibg31/jibg3105/projects/venvs/2024_03
++ [[ /var/spool/parastation/jobs/12761929 != \/\p\/\s\c\r\a\t\c\h\/\c\j\i\b\g\3\1\/\j\i\b\g\3\1\0\5\/\p\r\o\j\e\c\t\s\/\v\e\n\v\s\/\2\0\2\4\_\0\3\/\a\c\t\i\v\a\t\e\.\s\h ]]
++ echo 'The activation script must be sourced, otherwise the virtual environment will not work.'
The activation script must be sourced, otherwise the virtual environment will not work.
++ source /p/scratch/cjibg31/jibg3105/projects/venvs/2024_03/config.sh
+++ SOURCE_PATH=/p/scratch/cjibg31/jibg3105/projects/venvs/2024_03/config.sh
+++ [[ /var/spool/parastation/jobs/12761929 != \/\p\/\s\c\r\a\t\c\h\/\c\j\i\b\g\3\1\/\j\i\b\g\3\1\0\5\/\p\r\o\j\e\c\t\s\/\v\e\n\v\s\/\2\0\2\4\_\0\3\/\c\o\n\f\i\g\.\s\h ]]
+++ echo 'Setting vars'
Setting vars
++++ dirname /p/scratch/cjibg31/jibg3105/projects/venvs/2024_03/config.sh
+++ RELATIVE_PATH=/p/scratch/cjibg31/jibg3105/projects/venvs/2024_03
++++ realpath /p/scratch/cjibg31/jibg3105/projects/venvs/2024_03
+++ ABSOLUTE_PATH=/p/scratch/cjibg31/jibg3105/projects/venvs/2024_03
++++ basename /p/scratch/cjibg31/jibg3105/projects/venvs/2024_03
+++ export ENV_NAME=2024_03
+++ ENV_NAME=2024_03
+++ export ENV_DIR=/p/scratch/cjibg31/jibg3105/projects/venvs/2024_03/venv
+++ ENV_DIR=/p/scratch/cjibg31/jibg3105/projects/venvs/2024_03/venv
++ source /p/scratch/cjibg31/jibg3105/projects/venvs/2024_03/modules.sh
+++ module --force purge
+++ '[' -z '' ']'
+++ case "$-" in
+++ __lmod_sh_dbg=x
+++ '[' -n x ']'
+++ set +x
Shell debugging temporarily silenced: export LMOD_SH_DBG_ON=1 for Lmod's output
Shell debugging restarted
+++ unset __lmod_sh_dbg
+++ return 0
+++ module load Stages/2024
+++ '[' -z '' ']'
+++ case "$-" in
+++ __lmod_sh_dbg=x
+++ '[' -n x ']'
+++ set +x
Shell debugging temporarily silenced: export LMOD_SH_DBG_ON=1 for Lmod's output
Shell debugging restarted
+++ unset __lmod_sh_dbg
+++ return 0
+++ module load GCC/12.3.0
+++ '[' -z '' ']'
+++ case "$-" in
+++ __lmod_sh_dbg=x
+++ '[' -n x ']'
+++ set +x
Shell debugging temporarily silenced: export LMOD_SH_DBG_ON=1 for Lmod's output
Shell debugging restarted
+++ unset __lmod_sh_dbg
+++ return 0
+++ module load ParaStationMPI/5.9.2-1
+++ '[' -z '' ']'
+++ case "$-" in
+++ __lmod_sh_dbg=x
+++ '[' -n x ']'
+++ set +x
Shell debugging temporarily silenced: export LMOD_SH_DBG_ON=1 for Lmod's output
Shell debugging restarted
+++ unset __lmod_sh_dbg
+++ return 0
+++ module load SciPy-Stack
+++ '[' -z '' ']'
+++ case "$-" in
+++ __lmod_sh_dbg=x
+++ '[' -n x ']'
+++ set +x
Shell debugging temporarily silenced: export LMOD_SH_DBG_ON=1 for Lmod's output
Shell debugging restarted
+++ unset __lmod_sh_dbg
+++ return 0
+++ module load netCDF
+++ '[' -z '' ']'
+++ case "$-" in
+++ __lmod_sh_dbg=x
+++ '[' -n x ']'
+++ set +x
Shell debugging temporarily silenced: export LMOD_SH_DBG_ON=1 for Lmod's output
Shell debugging restarted
+++ unset __lmod_sh_dbg
+++ return 0
+++ module load mpi4py
+++ '[' -z '' ']'
+++ case "$-" in
+++ __lmod_sh_dbg=x
+++ '[' -n x ']'
+++ set +x
Shell debugging temporarily silenced: export LMOD_SH_DBG_ON=1 for Lmod's output
Shell debugging restarted
+++ unset __lmod_sh_dbg
+++ return 0
+++ module load netcdf4-python
+++ '[' -z '' ']'
+++ case "$-" in
+++ __lmod_sh_dbg=x
+++ '[' -n x ']'
+++ set +x
Shell debugging temporarily silenced: export LMOD_SH_DBG_ON=1 for Lmod's output

The following have been reloaded with a version change:
  1) HDF5/1.14.2 => HDF5/1.14.2-serial     2) netCDF/4.9.2 => netCDF/4.9.2-serial

Shell debugging restarted
+++ unset __lmod_sh_dbg
+++ return 0
+++ echo /p/scratch/cjibg31/jibg3105/projects/venvs/2024_03/venv/lib/python3.11/site-packages
++ export PYTHONPATH=/p/scratch/cjibg31/jibg3105/projects/venvs/2024_03/venv/lib/python3.11/site-packages:/p/software/jurecadc/stages/2024/software/netcdf4-python/1.6.4-GCCcore-12.3.0-serial/lib/python3.11/site-packages:/p/software/jurecadc/stages/2024/software/mpi4py/3.1.4-gpsmpi-2023a/lib/python3.11/site-packages:/p/software/jurecadc/stages/2024/software/IPython/8.14.0-GCCcore-12.3.0/lib/python3.11/site-packages:/p/software/jurecadc/stages/2024/software/BeautifulSoup/4.12.2-GCCcore-12.3.0/lib/python3.11/site-packages:/p/software/jurecadc/stages/2024/software/hatchling/1.18.0-GCCcore-12.3.0/lib/python3.11/site-packages:/p/software/jurecadc/stages/2024/software/lxml/4.9.2-GCCcore-12.3.0/lib/python3.11/site-packages:/p/software/jurecadc/stages/2024/software/xarray/2023.8.0-gcccoreflexiblas-12.3.0-3.3.1/lib/python3.11/site-packages:/p/software/jurecadc/stages/2024/software/sympy/1.12-gcccoreflexiblas-12.3.0-3.3.1/lib/python3.11/site-packages:/p/software/jurecadc/stages/2024/software/gmpy2/2.1.5-GCCcore-12.3.0/lib/python3.11/site-packages:/p/software/jurecadc/stages/2024/software/Seaborn/0.12.2-gcccoreflexiblas-12.3.0-3.3.1/lib/python3.11/site-packages:/p/software/jurecadc/stages/2024/software/matplotlib/3.7.2-gcccoreflexiblas-12.3.0-3.3.1/lib/python3.11/site-packages:/p/software/jurecadc/stages/2024/software/meson-python/0.13.2-GCCcore-12.3.0/lib/python3.11/site-packages:/p/software/jurecadc/stages/2024/software/Meson/1.1.1-GCCcore-12.3.0/lib/python3.11/site-packages:/p/software/jurecadc/stages/2024/software/Pillow-SIMD/9.5.0-GCCcore-12.3.0/lib/python3.11/site-packages:/p/software/jurecadc/stages/2024/software/Tkinter/3.11.3-GCCcore-12.3.0/lib/python3.11/site-packages:/p/software/jurecadc/stages/2024/software/SciPy-bundle/2023.07-gcccoreflexiblas-12.3.0-3.3.1/lib/python3.11/site-packages:/p/software/jurecadc/stages/2024/software/pybind11/2.11.1-GCCcore-12.3.0/lib/python3.11/site-packages:/p/software/jurecadc/stages/2024/software/Python-bundle-PyPI/2023.06-GCCcore-12.3.0/lib/python3.11/site-packages:/p/software/jurecadc/stages/2024/software/virtualenv/20.23.1-GCCcore-12.3.0/lib/python3.11/site-packages:/p/software/jurecadc/stages/2024/software/cryptography/41.0.1-GCCcore-12.3.0/lib/python3.11/site-packages:/p/software/jurecadc/stages/2024/software/cffi/1.15.1-GCCcore-12.3.0/lib/python3.11/site-packages:/p/software/jurecadc/stages/2024/software/Python/3.11.3-GCCcore-12.3.0/easybuild/python:/p/scratch/cjibg31/jibg3105/projects/venvs/2024_03/venv/lib/python3.11/site-packages
++ PYTHONPATH=/p/scratch/cjibg31/jibg3105/projects/venvs/2024_03/venv/lib/python3.11/site-packages:/p/software/jurecadc/stages/2024/software/netcdf4-python/1.6.4-GCCcore-12.3.0-serial/lib/python3.11/site-packages:/p/software/jurecadc/stages/2024/software/mpi4py/3.1.4-gpsmpi-2023a/lib/python3.11/site-packages:/p/software/jurecadc/stages/2024/software/IPython/8.14.0-GCCcore-12.3.0/lib/python3.11/site-packages:/p/software/jurecadc/stages/2024/software/BeautifulSoup/4.12.2-GCCcore-12.3.0/lib/python3.11/site-packages:/p/software/jurecadc/stages/2024/software/hatchling/1.18.0-GCCcore-12.3.0/lib/python3.11/site-packages:/p/software/jurecadc/stages/2024/software/lxml/4.9.2-GCCcore-12.3.0/lib/python3.11/site-packages:/p/software/jurecadc/stages/2024/software/xarray/2023.8.0-gcccoreflexiblas-12.3.0-3.3.1/lib/python3.11/site-packages:/p/software/jurecadc/stages/2024/software/sympy/1.12-gcccoreflexiblas-12.3.0-3.3.1/lib/python3.11/site-packages:/p/software/jurecadc/stages/2024/software/gmpy2/2.1.5-GCCcore-12.3.0/lib/python3.11/site-packages:/p/software/jurecadc/stages/2024/software/Seaborn/0.12.2-gcccoreflexiblas-12.3.0-3.3.1/lib/python3.11/site-packages:/p/software/jurecadc/stages/2024/software/matplotlib/3.7.2-gcccoreflexiblas-12.3.0-3.3.1/lib/python3.11/site-packages:/p/software/jurecadc/stages/2024/software/meson-python/0.13.2-GCCcore-12.3.0/lib/python3.11/site-packages:/p/software/jurecadc/stages/2024/software/Meson/1.1.1-GCCcore-12.3.0/lib/python3.11/site-packages:/p/software/jurecadc/stages/2024/software/Pillow-SIMD/9.5.0-GCCcore-12.3.0/lib/python3.11/site-packages:/p/software/jurecadc/stages/2024/software/Tkinter/3.11.3-GCCcore-12.3.0/lib/python3.11/site-packages:/p/software/jurecadc/stages/2024/software/SciPy-bundle/2023.07-gcccoreflexiblas-12.3.0-3.3.1/lib/python3.11/site-packages:/p/software/jurecadc/stages/2024/software/pybind11/2.11.1-GCCcore-12.3.0/lib/python3.11/site-packages:/p/software/jurecadc/stages/2024/software/Python-bundle-PyPI/2023.06-GCCcore-12.3.0/lib/python3.11/site-packages:/p/software/jurecadc/stages/2024/software/virtualenv/20.23.1-GCCcore-12.3.0/lib/python3.11/site-packages:/p/software/jurecadc/stages/2024/software/cryptography/41.0.1-GCCcore-12.3.0/lib/python3.11/site-packages:/p/software/jurecadc/stages/2024/software/cffi/1.15.1-GCCcore-12.3.0/lib/python3.11/site-packages:/p/software/jurecadc/stages/2024/software/Python/3.11.3-GCCcore-12.3.0/easybuild/python:/p/scratch/cjibg31/jibg3105/projects/venvs/2024_03/venv/lib/python3.11/site-packages
++ source /p/scratch/cjibg31/jibg3105/projects/venvs/2024_03/venv/bin/activate
+++ deactivate nondestructive
+++ '[' -n '' ']'
+++ '[' -n '' ']'
+++ '[' -n /bin/bash -o -n '' ']'
+++ hash -r
+++ '[' -n '' ']'
+++ unset VIRTUAL_ENV
+++ unset VIRTUAL_ENV_PROMPT
+++ '[' '!' nondestructive = nondestructive ']'
+++ VIRTUAL_ENV=/p/scratch/cjibg31/jibg3105/projects/venvs/2024_03/venv
+++ export VIRTUAL_ENV
+++ _OLD_VIRTUAL_PATH=/p/software/jurecadc/stages/2024/software/netcdf4-python/1.6.4-GCCcore-12.3.0-serial/bin:/p/software/jurecadc/stages/2024/software/netCDF/4.9.2-GCCcore-12.3.0-serial/bin:/p/software/jurecadc/stages/2024/software/HDF5/1.14.2-GCCcore-12.3.0-serial/bin:/p/software/jurecadc/stages/2024/software/PnetCDF/1.12.3-gpsmpi-2023a/bin:/p/software/jurecadc/stages/2024/software/cURL/8.0.1-GCCcore-12.3.0/bin:/p/software/jurecadc/stages/2024/software/IPython/8.14.0-GCCcore-12.3.0/bin:/p/software/jurecadc/stages/2024/software/hatchling/1.18.0-GCCcore-12.3.0/bin:/p/software/jurecadc/stages/2024/software/libxslt/1.1.38-GCCcore-12.3.0/bin:/p/software/jurecadc/stages/2024/software/ZeroMQ/4.3.4-GCCcore-12.3.0/bin:/p/software/jurecadc/stages/2024/software/sympy/1.12-gcccoreflexiblas-12.3.0-3.3.1/bin:/p/software/jurecadc/stages/2024/software/matplotlib/3.7.2-gcccoreflexiblas-12.3.0-3.3.1/bin:/p/software/jurecadc/stages/2024/software/Meson/1.1.1-GCCcore-12.3.0/bin:/p/software/jurecadc/stages/2024/software/Ninja/1.11.1-GCCcore-12.3.0/bin:/p/software/jurecadc/stages/2024/software/Qhull/2020.2-GCCcore-12.3.0/bin:/p/software/jurecadc/stages/2024/software/OpenJPEG/2.5.0-GCCcore-12.3.0/bin:/p/software/jurecadc/stages/2024/software/libwebp/1.3.1-GCCcore-12.3.0/bin:/p/software/jurecadc/stages/2024/software/giflib/5.2.1-GCCcore-12.3.0/bin:/p/software/jurecadc/stages/2024/software/LibTIFF/4.5.0-GCCcore-12.3.0/bin:/p/software/jurecadc/stages/2024/software/libdeflate/1.18-GCCcore-12.3.0/bin:/p/software/jurecadc/stages/2024/software/zstd/1.5.5-GCCcore-12.3.0/bin:/p/software/jurecadc/stages/2024/software/lz4/1.9.4-GCCcore-12.3.0/bin:/p/software/jurecadc/stages/2024/software/gzip/1.12-GCCcore-12.3.0/bin:/p/software/jurecadc/stages/2024/software/jbigkit/2.1-GCCcore-12.3.0/bin:/p/software/jurecadc/stages/2024/software/libjpeg-turbo/2.1.5.1-GCCcore-12.3.0/bin:/p/software/jurecadc/stages/2024/software/NASM/2.16.01-GCCcore-12.3.0/bin:/p/software/jurecadc/stages/2024/software/Tk/8.6.13-GCCcore-12.3.0/bin:/p/software/jurecadc/stages/2024/software/X11/20230603-GCCcore-12.3.0/bin:/p/software/jurecadc/stages/2024/software/fontconfig/2.14.2-GCCcore-12.3.0/bin:/p/software/jurecadc/stages/2024/software/util-linux/2.39-GCCcore-12.3.0/sbin:/p/software/jurecadc/stages/2024/software/util-linux/2.39-GCCcore-12.3.0/bin:/p/software/jurecadc/stages/2024/software/expat/2.5.0-GCCcore-12.3.0/bin:/p/software/jurecadc/stages/2024/software/freetype/2.13.0-GCCcore-12.3.0/bin:/p/software/jurecadc/stages/2024/software/Brotli/1.0.9-GCCcore-12.3.0/bin:/p/software/jurecadc/stages/2024/software/libpng/1.6.39-GCCcore-12.3.0/bin:/p/software/jurecadc/stages/2024/software/SciPy-bundle/2023.07-gcccoreflexiblas-12.3.0-3.3.1/bin:/p/software/jurecadc/stages/2024/software/pybind11/2.11.1-GCCcore-12.3.0/bin:/p/software/jurecadc/stages/2024/software/Python-bundle-PyPI/2023.06-GCCcore-12.3.0/bin:/p/software/jurecadc/stages/2024/software/virtualenv/20.23.1-GCCcore-12.3.0/bin:/p/software/jurecadc/stages/2024/software/Python/3.11.3-GCCcore-12.3.0/bin:/p/software/jurecadc/stages/2024/software/SQLite/3.42.0-GCCcore-12.3.0/bin:/p/software/jurecadc/stages/2024/software/Tcl/8.6.13-GCCcore-12.3.0/bin:/p/software/jurecadc/stages/2024/software/ncurses/6.4-GCCcore-12.3.0/bin:/p/software/jurecadc/stages/2024/software/bzip2/1.0.8-GCCcore-12.3.0/bin:/p/software/jurecadc/stages/2024/software/FlexiBLAS/3.3.1-GCCcore-12.3.0/bin:/p/software/jurecadc/stages/2024/software/psmpi/5.9.2-1-GCC-12.3.0/bin:/p/software/jurecadc/stages/2024/software/PMIx/4.2.6-GCCcore-12.3.0/bin:/p/software/jurecadc/stages/2024/software/hwloc/2.9.1-GCCcore-12.3.0/sbin:/p/software/jurecadc/stages/2024/software/hwloc/2.9.1-GCCcore-12.3.0/bin:/p/software/jurecadc/stages/2024/software/libevent/2.1.12-GCCcore-12.3.0/bin:/p/software/jurecadc/stages/2024/software/OpenSSL/1.1/bin:/p/software/jurecadc/stages/2024/software/libxml2/2.11.4-GCCcore-12.3.0/bin:/p/software/jurecadc/stages/2024/software/XZ/5.4.2-GCCcore-12.3.0/bin:/p/software/jurecadc/stages/2024/software/pscom/5-default-GCCcore-12.3.0/bin:/p/software/jurecadc/stages/2024/software/UCX/default-GCCcore-12.3.0/bin:/p/software/jurecadc/stages/2024/software/CUDA/12/nvvm/bin:/p/software/jurecadc/stages/2024/software/CUDA/12/bin:/p/software/jurecadc/stages/2024/software/numactl/2.0.16-GCCcore-12.3.0/bin:/p/software/jurecadc/stages/2024/software/binutils/2.40-GCCcore-12.3.0/bin:/p/software/jurecadc/stages/2024/software/GCCcore/12.3.0/bin:/p/scratch/cjibg31/jibg3105/projects/venvs/2024_03/venv/bin:/usr/local/bin:/usr/bin:/usr/local/sbin:/usr/sbin:/opt/ddn/ime/bin:/opt/jsc/bin:/usr/local/jsc/bin:/opt/parastation/bin:/p/software/jurecadc/bin
+++ PATH=/p/scratch/cjibg31/jibg3105/projects/venvs/2024_03/venv/bin:/p/software/jurecadc/stages/2024/software/netcdf4-python/1.6.4-GCCcore-12.3.0-serial/bin:/p/software/jurecadc/stages/2024/software/netCDF/4.9.2-GCCcore-12.3.0-serial/bin:/p/software/jurecadc/stages/2024/software/HDF5/1.14.2-GCCcore-12.3.0-serial/bin:/p/software/jurecadc/stages/2024/software/PnetCDF/1.12.3-gpsmpi-2023a/bin:/p/software/jurecadc/stages/2024/software/cURL/8.0.1-GCCcore-12.3.0/bin:/p/software/jurecadc/stages/2024/software/IPython/8.14.0-GCCcore-12.3.0/bin:/p/software/jurecadc/stages/2024/software/hatchling/1.18.0-GCCcore-12.3.0/bin:/p/software/jurecadc/stages/2024/software/libxslt/1.1.38-GCCcore-12.3.0/bin:/p/software/jurecadc/stages/2024/software/ZeroMQ/4.3.4-GCCcore-12.3.0/bin:/p/software/jurecadc/stages/2024/software/sympy/1.12-gcccoreflexiblas-12.3.0-3.3.1/bin:/p/software/jurecadc/stages/2024/software/matplotlib/3.7.2-gcccoreflexiblas-12.3.0-3.3.1/bin:/p/software/jurecadc/stages/2024/software/Meson/1.1.1-GCCcore-12.3.0/bin:/p/software/jurecadc/stages/2024/software/Ninja/1.11.1-GCCcore-12.3.0/bin:/p/software/jurecadc/stages/2024/software/Qhull/2020.2-GCCcore-12.3.0/bin:/p/software/jurecadc/stages/2024/software/OpenJPEG/2.5.0-GCCcore-12.3.0/bin:/p/software/jurecadc/stages/2024/software/libwebp/1.3.1-GCCcore-12.3.0/bin:/p/software/jurecadc/stages/2024/software/giflib/5.2.1-GCCcore-12.3.0/bin:/p/software/jurecadc/stages/2024/software/LibTIFF/4.5.0-GCCcore-12.3.0/bin:/p/software/jurecadc/stages/2024/software/libdeflate/1.18-GCCcore-12.3.0/bin:/p/software/jurecadc/stages/2024/software/zstd/1.5.5-GCCcore-12.3.0/bin:/p/software/jurecadc/stages/2024/software/lz4/1.9.4-GCCcore-12.3.0/bin:/p/software/jurecadc/stages/2024/software/gzip/1.12-GCCcore-12.3.0/bin:/p/software/jurecadc/stages/2024/software/jbigkit/2.1-GCCcore-12.3.0/bin:/p/software/jurecadc/stages/2024/software/libjpeg-turbo/2.1.5.1-GCCcore-12.3.0/bin:/p/software/jurecadc/stages/2024/software/NASM/2.16.01-GCCcore-12.3.0/bin:/p/software/jurecadc/stages/2024/software/Tk/8.6.13-GCCcore-12.3.0/bin:/p/software/jurecadc/stages/2024/software/X11/20230603-GCCcore-12.3.0/bin:/p/software/jurecadc/stages/2024/software/fontconfig/2.14.2-GCCcore-12.3.0/bin:/p/software/jurecadc/stages/2024/software/util-linux/2.39-GCCcore-12.3.0/sbin:/p/software/jurecadc/stages/2024/software/util-linux/2.39-GCCcore-12.3.0/bin:/p/software/jurecadc/stages/2024/software/expat/2.5.0-GCCcore-12.3.0/bin:/p/software/jurecadc/stages/2024/software/freetype/2.13.0-GCCcore-12.3.0/bin:/p/software/jurecadc/stages/2024/software/Brotli/1.0.9-GCCcore-12.3.0/bin:/p/software/jurecadc/stages/2024/software/libpng/1.6.39-GCCcore-12.3.0/bin:/p/software/jurecadc/stages/2024/software/SciPy-bundle/2023.07-gcccoreflexiblas-12.3.0-3.3.1/bin:/p/software/jurecadc/stages/2024/software/pybind11/2.11.1-GCCcore-12.3.0/bin:/p/software/jurecadc/stages/2024/software/Python-bundle-PyPI/2023.06-GCCcore-12.3.0/bin:/p/software/jurecadc/stages/2024/software/virtualenv/20.23.1-GCCcore-12.3.0/bin:/p/software/jurecadc/stages/2024/software/Python/3.11.3-GCCcore-12.3.0/bin:/p/software/jurecadc/stages/2024/software/SQLite/3.42.0-GCCcore-12.3.0/bin:/p/software/jurecadc/stages/2024/software/Tcl/8.6.13-GCCcore-12.3.0/bin:/p/software/jurecadc/stages/2024/software/ncurses/6.4-GCCcore-12.3.0/bin:/p/software/jurecadc/stages/2024/software/bzip2/1.0.8-GCCcore-12.3.0/bin:/p/software/jurecadc/stages/2024/software/FlexiBLAS/3.3.1-GCCcore-12.3.0/bin:/p/software/jurecadc/stages/2024/software/psmpi/5.9.2-1-GCC-12.3.0/bin:/p/software/jurecadc/stages/2024/software/PMIx/4.2.6-GCCcore-12.3.0/bin:/p/software/jurecadc/stages/2024/software/hwloc/2.9.1-GCCcore-12.3.0/sbin:/p/software/jurecadc/stages/2024/software/hwloc/2.9.1-GCCcore-12.3.0/bin:/p/software/jurecadc/stages/2024/software/libevent/2.1.12-GCCcore-12.3.0/bin:/p/software/jurecadc/stages/2024/software/OpenSSL/1.1/bin:/p/software/jurecadc/stages/2024/software/libxml2/2.11.4-GCCcore-12.3.0/bin:/p/software/jurecadc/stages/2024/software/XZ/5.4.2-GCCcore-12.3.0/bin:/p/software/jurecadc/stages/2024/software/pscom/5-default-GCCcore-12.3.0/bin:/p/software/jurecadc/stages/2024/software/UCX/default-GCCcore-12.3.0/bin:/p/software/jurecadc/stages/2024/software/CUDA/12/nvvm/bin:/p/software/jurecadc/stages/2024/software/CUDA/12/bin:/p/software/jurecadc/stages/2024/software/numactl/2.0.16-GCCcore-12.3.0/bin:/p/software/jurecadc/stages/2024/software/binutils/2.40-GCCcore-12.3.0/bin:/p/software/jurecadc/stages/2024/software/GCCcore/12.3.0/bin:/p/scratch/cjibg31/jibg3105/projects/venvs/2024_03/venv/bin:/usr/local/bin:/usr/bin:/usr/local/sbin:/usr/sbin:/opt/ddn/ime/bin:/opt/jsc/bin:/usr/local/jsc/bin:/opt/parastation/bin:/p/software/jurecadc/bin
+++ export PATH
+++ '[' -n '' ']'
+++ '[' -z '' ']'
+++ _OLD_VIRTUAL_PS1=
+++ PS1='(2024_03) '
+++ export PS1
+++ VIRTUAL_ENV_PROMPT='(2024_03) '
+++ export VIRTUAL_ENV_PROMPT
+++ '[' -n /bin/bash -o -n '' ']'
+++ hash -r
+ srun -n 1 python post_process.py
